SF:lib\src\modules\home_flow\home\view_widgets\homepage_body_widgets\homepage_body_barraprog.dart
DA:8,1
DA:13,1
DA:15,1
DA:16,1
DA:17,1
DA:18,1
DA:23,1
DA:25,1
DA:26,1
DA:27,4
DA:28,1
DA:29,1
DA:30,1
DA:31,1
DA:32,1
DA:40,1
DA:41,5
DA:42,1
LF:18
LH:18
end_of_record
SF:lib\src\app_controller.dart
DA:7,2
DA:8,0
DA:9,0
LF:3
LH:1
end_of_record
SF:lib\src\app_module.dart
DA:18,2
DA:22,2
DA:23,2
DA:24,4
DA:25,8
DA:26,2
DA:27,8
DA:30,0
DA:31,0
DA:33,0
DA:35,0
DA:37,0
DA:38,0
DA:40,0
DA:41,0
DA:43,0
LF:16
LH:7
end_of_record
SF:lib\src\modules\home_flow\home_flow_module.dart
DA:47,2
DA:51,2
DA:52,2
DA:54,2
DA:55,3
DA:56,2
DA:57,6
DA:61,2
DA:62,0
DA:63,2
DA:64,0
DA:65,0
DA:66,0
DA:68,2
DA:69,0
DA:70,2
DA:71,0
DA:72,0
DA:73,0
DA:75,2
DA:76,0
DA:77,2
DA:78,2
DA:79,2
DA:80,0
DA:82,2
DA:83,0
DA:84,2
DA:85,0
DA:86,0
DA:87,0
DA:89,2
DA:90,0
DA:91,2
DA:92,0
DA:93,0
DA:94,0
DA:96,2
DA:97,0
DA:98,2
DA:99,0
DA:100,0
DA:101,0
DA:103,2
DA:104,0
DA:105,2
DA:106,0
DA:107,0
DA:108,0
DA:110,2
DA:111,0
DA:112,2
DA:113,0
DA:114,0
DA:115,0
DA:118,0
DA:119,0
DA:120,0
DA:121,0
DA:122,0
DA:123,0
DA:124,0
DA:125,0
DA:126,0
DA:127,0
DA:128,0
DA:129,0
DA:130,0
DA:131,0
DA:132,0
DA:133,0
DA:134,0
DA:135,0
DA:136,0
DA:137,0
DA:138,0
LF:76
LH:25
end_of_record
SF:lib\src\modules\login_flow\login_flow_module.dart
DA:20,0
DA:24,0
DA:25,0
DA:26,0
DA:27,0
DA:28,0
DA:29,0
DA:30,0
DA:31,0
DA:32,0
DA:35,0
DA:36,0
DA:37,0
DA:38,0
DA:39,0
DA:40,0
DA:41,0
DA:42,0
DA:43,0
DA:44,0
DA:46,0
LF:21
LH:0
end_of_record
SF:lib\src\modules\login_flow\splash_screen\splash_screen_bloc.dart
DA:15,2
DA:16,4
DA:17,4
DA:20,0
DA:21,0
DA:24,0
DA:25,0
DA:36,0
DA:40,0
DA:41,0
DA:43,0
DA:44,0
DA:46,0
LF:13
LH:3
end_of_record
SF:lib\src\shared\repositories\app_repository.dart
DA:8,0
DA:9,0
LF:2
LH:0
end_of_record
SF:lib\src\shared\repositories\app_repository_impl.dart
DA:15,2
DA:16,2
DA:19,2
DA:21,4
DA:23,0
DA:24,0
DA:27,0
DA:28,0
DA:32,0
DA:34,0
DA:36,0
DA:37,0
DA:40,0
DA:41,0
DA:44,0
DA:47,0
DA:49,0
DA:50,0
DA:51,0
LF:19
LH:4
end_of_record
SF:lib\src\modules\login_flow\splash_screen\splash_screen_page.dart
DA:10,6
DA:12,0
DA:13,0
DA:17,0
DA:20,0
DA:21,0
DA:22,0
DA:25,0
DA:26,0
DA:27,0
DA:28,0
DA:29,0
DA:30,0
DA:31,0
DA:37,0
DA:39,0
DA:40,0
DA:41,0
DA:43,0
DA:51,0
DA:53,0
LF:21
LH:1
end_of_record
SF:lib\src\modules\not_found_page\not_found_page.dart
DA:7,18
DA:9,0
DA:11,0
DA:12,0
DA:14,0
DA:15,0
DA:16,0
DA:19,0
DA:20,0
DA:21,0
DA:22,0
DA:27,0
DA:28,0
DA:29,0
DA:30,0
DA:31,0
DA:32,0
DA:33,0
DA:36,0
DA:40,0
DA:41,0
DA:43,0
DA:44,0
DA:46,0
DA:47,0
DA:49,0
LF:26
LH:1
end_of_record
SF:lib\src\routes\consts_routes.dart
DA:2,0
LF:1
LH:0
end_of_record
SF:lib\src\modules\home_flow\create_investment\create_investment_bloc.dart
DA:18,0
DA:22,0
DA:23,0
DA:24,0
DA:25,0
DA:28,0
DA:32,0
DA:33,0
DA:34,0
DA:37,0
DA:38,0
DA:42,0
DA:46,0
DA:48,0
DA:50,0
DA:51,0
DA:53,0
DA:55,0
DA:58,0
DA:59,0
DA:63,0
DA:64,0
LF:22
LH:0
end_of_record
SF:lib\src\modules\home_flow\create_investment\create_investment_event.dart
DA:6,0
DA:14,0
LF:2
LH:0
end_of_record
SF:lib\src\modules\home_flow\create_investment\create_investment_repository.dart
DA:7,0
LF:1
LH:0
end_of_record
SF:lib\src\modules\home_flow\create_investment\create_investment_state.dart
DA:10,0
DA:15,0
DA:17,0
DA:18,0
LF:4
LH:0
end_of_record
SF:lib\src\modules\home_flow\investments\investments_bloc.dart
DA:16,0
DA:20,0
DA:21,0
DA:22,0
DA:25,0
DA:29,0
DA:30,0
DA:31,0
DA:32,0
DA:33,0
DA:34,0
DA:35,0
DA:37,0
DA:38,0
DA:41,0
DA:44,0
DA:45,0
LF:17
LH:0
end_of_record
SF:lib\src\modules\home_flow\investments\investments_event.dart
DA:4,0
LF:1
LH:0
end_of_record
SF:lib\src\shared\models\user_model.dart
DA:11,2
DA:19,0
DA:26,0
DA:27,0
DA:28,0
DA:29,0
DA:30,0
DA:31,0
DA:35,0
DA:36,0
DA:37,0
DA:38,0
DA:39,0
DA:40,0
DA:41,0
DA:45,1
DA:46,1
DA:47,1
DA:48,1
DA:49,1
DA:50,1
DA:51,4
DA:55,0
DA:57,0
DA:59,0
DA:60,0
DA:62,0
DA:67,0
DA:68,0
DA:69,0
DA:72,0
DA:73,0
LF:32
LH:8
end_of_record
SF:lib\src\shared\models\investments\investment_model.dart
DA:15,0
DA:25,0
DA:27,0
DA:28,0
DA:29,0
DA:30,0
DA:33,0
DA:34,0
DA:36,0
DA:37,0
DA:38,0
DA:43,0
DA:52,0
DA:53,0
DA:54,0
DA:55,0
DA:56,0
DA:57,0
DA:58,0
DA:59,0
DA:63,0
DA:64,0
DA:65,0
DA:66,0
DA:67,0
DA:68,0
DA:69,0
DA:70,0
DA:71,0
DA:75,0
DA:76,0
DA:77,0
DA:78,0
DA:79,0
DA:80,0
DA:81,0
DA:82,0
DA:83,0
DA:87,0
DA:89,0
DA:91,0
DA:93,0
DA:96,0
DA:101,0
DA:102,0
DA:103,0
DA:104,0
DA:105,0
DA:106,0
DA:107,0
DA:110,0
DA:112,0
DA:113,0
DA:114,0
DA:115,0
DA:116,0
DA:117,0
DA:118,0
LF:58
LH:0
end_of_record
SF:lib\src\modules\home_flow\create_investment\create_investment_page.dart
DA:15,6
DA:17,0
DA:18,0
DA:31,0
DA:32,0
DA:33,0
DA:34,0
DA:37,0
DA:39,0
DA:40,0
DA:43,0
DA:45,0
DA:46,0
DA:47,0
DA:48,0
DA:49,0
DA:50,0
DA:51,0
DA:55,0
DA:56,0
DA:59,0
DA:61,0
DA:62,0
DA:63,0
DA:64,0
DA:65,0
DA:67,0
DA:69,0
DA:72,0
DA:74,0
DA:76,0
DA:90,0
DA:93,0
DA:95,0
DA:97,0
DA:98,0
DA:112,0
DA:115,0
DA:117,0
DA:119,0
DA:120,0
DA:134,0
DA:136,0
DA:137,0
DA:138,0
DA:139,0
DA:140,0
DA:141,0
DA:142,0
DA:144,0
DA:145,0
DA:150,0
DA:151,0
DA:152,0
DA:153,0
DA:158,0
DA:159,0
DA:160,0
DA:161,0
DA:175,0
DA:176,0
DA:179,0
DA:180,0
DA:181,0
DA:182,0
DA:183,0
DA:184,0
DA:187,0
LF:68
LH:1
end_of_record
SF:lib\src\modules\login_flow\widgets\custom_input_form\custom_text_form_field.dart
DA:7,0
DA:25,0
DA:44,0
DA:46,0
DA:47,0
DA:49,0
DA:50,0
DA:52,0
DA:53,0
DA:54,0
DA:55,0
DA:56,0
DA:57,0
DA:58,0
DA:59,0
DA:60,0
DA:61,0
DA:62,0
DA:63,0
DA:64,0
LF:20
LH:0
end_of_record
SF:lib\src\shared\widgets\show_loader\show_loader.dart
DA:16,72
DA:24,0
DA:26,0
DA:27,0
DA:38,0
DA:40,0
DA:42,0
DA:44,0
DA:46,0
DA:48,0
DA:50,0
DA:52,0
DA:53,0
DA:58,0
DA:61,0
DA:62,0
DA:63,0
DA:64,0
DA:65,0
DA:70,0
DA:72,0
DA:74,0
DA:75,0
DA:76,0
DA:77,0
DA:78,0
DA:84,0
DA:86,0
DA:87,0
LF:29
LH:1
end_of_record
SF:lib\src\shared\repositories\repository.dart
DA:8,0
LF:1
LH:0
end_of_record
SF:lib\src\modules\home_flow\create_investment\create_investment_repository_impl.dart
DA:13,0
DA:15,0
DA:17,0
DA:19,0
DA:20,0
DA:21,0
DA:22,0
DA:23,0
DA:24,0
DA:28,0
DA:32,0
DA:33,0
DA:34,0
DA:37,0
DA:38,0
DA:39,0
DA:40,0
DA:42,0
DA:45,0
DA:49,0
DA:50,0
DA:51,0
DA:53,0
DA:56,0
DA:57,0
DA:58,0
DA:59,0
DA:60,0
DA:63,0
DA:64,0
LF:30
LH:0
end_of_record
SF:lib\src\modules\home_flow\create_planning\create_planning_bloc.dart
DA:18,0
DA:22,0
DA:23,0
DA:24,0
DA:25,0
DA:28,0
DA:32,0
DA:33,0
DA:34,0
DA:37,0
DA:38,0
DA:42,0
DA:46,0
DA:48,0
DA:50,0
DA:51,0
DA:53,0
DA:55,0
DA:58,0
DA:59,0
DA:63,0
DA:64,0
LF:22
LH:0
end_of_record
SF:lib\src\modules\home_flow\create_planning\create_planning_event.dart
DA:6,0
DA:14,0
LF:2
LH:0
end_of_record
SF:lib\src\modules\home_flow\create_planning\create_planning_repository.dart
DA:7,0
LF:1
LH:0
end_of_record
SF:lib\src\modules\home_flow\create_planning\create_planning_state.dart
DA:10,0
DA:15,0
DA:17,0
DA:18,0
LF:4
LH:0
end_of_record
SF:lib\src\modules\home_flow\plannings\plannings_bloc.dart
DA:16,0
DA:20,0
DA:21,0
DA:22,0
DA:25,0
DA:29,0
DA:30,0
DA:31,0
DA:32,0
DA:34,0
DA:35,0
DA:38,0
DA:41,0
DA:42,0
LF:14
LH:0
end_of_record
SF:lib\src\modules\home_flow\plannings\plannings_event.dart
DA:4,0
LF:1
LH:0
end_of_record
SF:lib\src\shared\models\plannings\planning_model.dart
DA:11,0
DA:18,0
DA:20,0
DA:26,0
DA:27,0
DA:28,0
DA:29,0
DA:30,0
DA:34,0
DA:35,0
DA:36,0
DA:37,0
DA:38,0
DA:39,0
DA:43,0
DA:44,0
DA:45,0
DA:46,0
DA:47,0
DA:48,0
DA:52,0
DA:54,0
DA:56,0
DA:57,0
DA:59,0
DA:64,0
DA:65,0
DA:66,0
DA:67,0
DA:70,0
DA:71,0
LF:31
LH:0
end_of_record
SF:lib\src\modules\home_flow\create_planning\create_planning_page.dart
DA:15,6
DA:17,0
DA:18,0
DA:33,0
DA:34,0
DA:35,0
DA:36,0
DA:39,0
DA:41,0
DA:42,0
DA:45,0
DA:47,0
DA:48,0
DA:49,0
DA:50,0
DA:51,0
DA:52,0
DA:53,0
DA:57,0
DA:58,0
DA:61,0
DA:63,0
DA:64,0
DA:65,0
DA:66,0
DA:67,0
DA:69,0
DA:71,0
DA:74,0
DA:76,0
DA:78,0
DA:92,0
DA:95,0
DA:97,0
DA:99,0
DA:100,0
DA:114,0
DA:115,0
DA:116,0
DA:118,0
DA:119,0
DA:120,0
DA:123,0
DA:124,0
DA:130,0
DA:134,0
DA:136,0
DA:138,0
DA:139,0
DA:153,0
DA:155,0
DA:156,0
DA:157,0
DA:158,0
DA:159,0
DA:160,0
DA:162,0
DA:163,0
DA:168,0
DA:169,0
DA:170,0
DA:171,0
DA:176,0
DA:177,0
DA:178,0
DA:179,0
DA:193,0
DA:194,0
DA:197,0
DA:198,0
DA:199,0
DA:200,0
DA:201,0
DA:202,0
DA:205,0
LF:75
LH:1
end_of_record
SF:lib\src\modules\home_flow\create_planning\create_planning_repository_impl.dart
DA:12,0
DA:14,0
DA:16,0
DA:18,0
DA:19,0
DA:20,0
DA:21,0
DA:22,0
DA:23,0
DA:27,0
DA:31,0
DA:32,0
DA:33,0
DA:36,0
DA:37,0
DA:38,0
DA:39,0
DA:41,0
LF:18
LH:0
end_of_record
SF:lib\src\modules\home_flow\create_transaction\create_transaction_bloc.dart
DA:22,0
DA:26,0
DA:27,0
DA:28,0
DA:29,0
DA:32,0
DA:36,0
DA:37,0
DA:38,0
DA:40,0
DA:41,0
DA:42,0
DA:44,0
DA:45,0
DA:48,0
DA:49,0
DA:53,0
DA:58,0
DA:60,0
DA:62,0
DA:63,0
DA:66,0
DA:67,0
DA:69,0
DA:74,0
DA:75,0
DA:76,0
DA:77,0
DA:80,0
DA:85,0
DA:86,0
DA:87,0
DA:88,0
DA:90,0
DA:95,0
DA:98,0
DA:99,0
DA:100,0
DA:101,0
DA:104,0
DA:106,0
DA:108,0
DA:109,0
DA:112,0
DA:113,0
DA:117,0
DA:120,0
DA:121,0
DA:122,0
DA:124,0
DA:131,0
DA:132,0
DA:133,0
DA:134,0
LF:54
LH:0
end_of_record
SF:lib\src\modules\home_flow\create_transaction\create_transaction_event.dart
DA:6,0
DA:14,0
LF:2
LH:0
end_of_record
SF:lib\src\modules\home_flow\create_transaction\create_transaction_repository.dart
DA:8,0
LF:1
LH:0
end_of_record
SF:lib\src\modules\home_flow\create_transaction\create_transaction_state.dart
DA:17,0
DA:26,0
DA:28,0
DA:29,0
LF:4
LH:0
end_of_record
SF:lib\src\modules\home_flow\home\home_bloc.dart
DA:22,2
DA:27,4
DA:28,2
DA:29,4
DA:30,4
DA:33,0
DA:34,0
DA:37,1
DA:41,2
DA:42,3
DA:43,0
DA:46,0
DA:47,0
DA:48,0
DA:49,0
DA:50,0
DA:52,0
DA:54,0
DA:55,0
DA:56,0
DA:57,0
DA:60,0
DA:61,0
DA:63,0
DA:65,0
DA:66,0
DA:69,0
DA:70,0
DA:72,0
DA:74,0
DA:77,1
DA:78,0
DA:101,0
DA:104,0
DA:105,0
LF:35
LH:9
end_of_record
SF:lib\src\modules\home_flow\home\home_event.dart
DA:3,1
DA:13,0
LF:2
LH:1
end_of_record
SF:lib\src\modules\home_flow\transactions\transactions_bloc.dart
DA:15,0
DA:19,0
DA:20,0
DA:21,0
DA:24,0
DA:28,0
DA:29,0
DA:30,0
DA:31,0
DA:32,0
DA:33,0
DA:35,0
DA:39,0
DA:40,0
DA:43,0
DA:46,0
DA:47,0
LF:17
LH:0
end_of_record
SF:lib\src\modules\home_flow\transactions\transactions_event.dart
DA:5,0
DA:13,0
LF:2
LH:0
end_of_record
SF:lib\src\shared\models\financial_transactions\financial_transaction.dart
DA:22,0
DA:33,0
DA:35,0
DA:36,0
DA:38,0
DA:44,0
DA:54,0
DA:55,0
DA:56,0
DA:57,0
DA:58,0
DA:59,0
DA:60,0
DA:61,0
DA:62,0
DA:66,0
DA:68,0
DA:70,0
DA:77,0
DA:78,0
DA:79,0
DA:80,0
DA:81,0
DA:82,0
DA:83,0
DA:84,0
DA:85,0
DA:86,0
DA:90,0
DA:91,0
DA:92,0
DA:93,0
DA:94,0
DA:95,0
DA:96,0
DA:97,0
DA:98,0
DA:99,0
DA:103,0
DA:105,0
DA:107,0
DA:109,0
DA:112,0
DA:117,0
DA:118,0
DA:119,0
DA:120,0
DA:121,0
DA:122,0
DA:123,0
DA:124,0
DA:127,0
DA:129,0
DA:130,0
DA:131,0
DA:132,0
DA:133,0
DA:134,0
DA:135,0
DA:136,0
LF:60
LH:0
end_of_record
SF:lib\src\shared\models\wallet_model.dart
DA:11,0
DA:19,0
DA:25,0
DA:26,0
DA:27,0
DA:28,0
DA:29,0
DA:33,0
DA:34,0
DA:35,0
DA:36,0
DA:37,0
DA:38,0
DA:42,0
DA:43,0
DA:44,0
DA:45,0
DA:46,0
DA:47,0
DA:51,0
DA:53,0
DA:55,0
DA:57,0
DA:60,0
DA:65,0
DA:66,0
DA:67,0
DA:68,0
DA:71,0
DA:73,0
DA:74,0
DA:75,0
DA:76,0
LF:33
LH:0
end_of_record
SF:lib\src\modules\home_flow\create_transaction\create_transaction_page.dart
DA:19,6
DA:21,0
DA:22,0
DA:44,0
DA:45,0
DA:46,0
DA:47,0
DA:48,0
DA:49,0
DA:52,0
DA:54,0
DA:55,0
DA:56,0
DA:59,0
DA:61,0
DA:62,0
DA:63,0
DA:64,0
DA:65,0
DA:66,0
DA:69,0
DA:70,0
DA:71,0
DA:72,0
DA:76,0
DA:77,0
DA:78,0
DA:79,0
DA:81,0
DA:86,0
DA:87,0
DA:89,0
DA:97,0
DA:98,0
DA:99,0
DA:100,0
DA:101,0
DA:105,0
DA:106,0
DA:109,0
DA:111,0
DA:112,0
DA:113,0
DA:114,0
DA:115,0
DA:117,0
DA:119,0
DA:120,0
DA:121,0
DA:122,0
DA:124,0
DA:126,0
DA:127,0
DA:128,0
DA:132,0
DA:133,0
DA:134,0
DA:135,0
DA:137,0
DA:139,0
DA:140,0
DA:141,0
DA:147,0
DA:149,0
DA:150,0
DA:153,0
DA:154,0
DA:156,0
DA:157,0
DA:160,0
DA:161,0
DA:162,0
DA:163,0
DA:164,0
DA:165,0
DA:166,0
DA:168,0
DA:179,0
DA:182,0
DA:184,0
DA:186,0
DA:200,0
DA:203,0
DA:205,0
DA:207,0
DA:221,0
DA:224,0
DA:226,0
DA:228,0
DA:242,0
DA:244,0
DA:245,0
DA:246,0
DA:247,0
DA:248,0
DA:249,0
DA:251,0
DA:252,0
DA:253,0
DA:255,0
DA:260,0
DA:261,0
DA:262,0
DA:263,0
DA:268,0
DA:269,0
DA:270,0
DA:271,0
DA:285,0
DA:286,0
DA:289,0
DA:290,0
DA:291,0
DA:292,0
DA:293,0
DA:294,0
DA:297,0
LF:117
LH:1
end_of_record
SF:lib\src\modules\home_flow\create_transaction\create_transaction_repository_impl.dart
DA:14,0
DA:16,0
DA:18,0
DA:20,0
DA:21,0
DA:22,0
DA:23,0
DA:24,0
DA:25,0
DA:29,0
DA:33,0
DA:34,0
DA:35,0
DA:38,0
DA:39,0
DA:40,0
DA:41,0
DA:43,0
DA:46,0
DA:49,0
DA:50,0
DA:51,0
DA:52,0
DA:55,0
DA:57,0
DA:58,0
DA:59,0
DA:60,0
DA:64,0
DA:69,0
DA:70,0
DA:71,0
DA:72,0
DA:75,0
DA:79,0
DA:80,0
DA:81,0
DA:83,0
DA:86,0
DA:87,0
DA:88,0
DA:89,0
DA:90,0
DA:93,0
DA:94,0
LF:45
LH:0
end_of_record
SF:lib\src\modules\home_flow\create_wallet\create_wallet_bloc.dart
DA:17,0
DA:21,0
DA:22,0
DA:23,0
DA:26,0
DA:31,0
DA:34,0
DA:35,0
DA:37,0
DA:40,0
DA:42,0
DA:44,0
DA:46,0
DA:48,0
DA:49,0
LF:15
LH:0
end_of_record
SF:lib\src\modules\home_flow\create_wallet\create_wallet_event.dart
DA:6,0
DA:12,0
LF:2
LH:0
end_of_record
SF:lib\src\modules\home_flow\create_wallet\create_wallet_respository.dart
DA:7,0
LF:1
LH:0
end_of_record
SF:lib\src\modules\home_flow\create_wallet\create_wallet_state.dart
DA:12,0
DA:18,0
DA:20,0
DA:21,0
LF:4
LH:0
end_of_record
SF:lib\src\modules\home_flow\create_wallet\create_wallet_page.dart
DA:16,6
DA:18,0
DA:19,0
DA:31,0
DA:32,0
DA:33,0
DA:36,0
DA:38,0
DA:39,0
DA:40,0
DA:41,0
DA:42,0
DA:43,0
DA:44,0
DA:48,0
DA:49,0
DA:52,0
DA:54,0
DA:55,0
DA:56,0
DA:57,0
DA:58,0
DA:60,0
DA:62,0
DA:65,0
DA:67,0
DA:69,0
DA:79,0
DA:82,0
DA:84,0
DA:86,0
DA:87,0
DA:97,0
DA:99,0
DA:100,0
DA:101,0
DA:102,0
DA:103,0
DA:106,0
DA:111,0
DA:112,0
DA:113,0
DA:114,0
DA:119,0
DA:120,0
DA:121,0
DA:122,0
DA:136,0
DA:137,0
DA:140,0
DA:141,0
DA:142,0
DA:143,0
DA:144,0
DA:146,0
DA:147,0
DA:148,0
DA:149,0
DA:150,0
DA:151,0
DA:154,0
LF:61
LH:1
end_of_record
SF:lib\src\modules\home_flow\create_wallet\create_wallet_repository_impl.dart
DA:12,0
DA:14,0
DA:16,0
DA:20,0
DA:21,0
DA:22,0
DA:25,0
DA:26,0
DA:27,0
DA:28,0
DA:32,0
DA:35,0
DA:36,0
DA:37,0
DA:38,0
DA:39,0
DA:42,0
DA:45,0
DA:46,0
DA:47,0
DA:48,0
LF:21
LH:0
end_of_record
SF:lib\src\modules\home_flow\home\home_repository.dart
DA:7,0
LF:1
LH:0
end_of_record
SF:lib\src\shared\models\months\month_model.dart
DA:7,2
DA:11,0
DA:14,0
DA:15,0
DA:19,0
DA:20,0
DA:21,0
DA:25,0
DA:26,0
DA:27,0
DA:31,0
DA:33,0
DA:35,0
DA:36,0
DA:38,0
DA:43,0
DA:46,0
DA:47,0
LF:18
LH:1
end_of_record
SF:lib\src\modules\home_flow\home\home_state.dart
DA:12,0
DA:21,0
DA:23,0
DA:24,0
LF:4
LH:0
end_of_record
SF:lib\src\modules\home_flow\home\home_page.dart
DA:18,7
DA:21,1
DA:22,1
DA:30,1
DA:32,2
DA:33,1
DA:36,1
DA:38,1
DA:39,3
DA:40,4
DA:44,1
DA:46,1
DA:47,1
DA:48,1
DA:49,1
DA:50,1
DA:51,2
DA:52,1
DA:53,1
DA:55,1
DA:56,1
DA:57,0
DA:58,0
DA:59,0
DA:66,0
DA:67,0
DA:68,0
DA:69,0
DA:78,0
DA:79,0
DA:80,0
DA:81,0
DA:82,0
DA:84,0
DA:85,0
DA:86,0
DA:95,0
DA:97,0
DA:109,0
DA:111,0
DA:112,0
DA:127,0
DA:129,0
DA:130,0
DA:131,0
DA:135,0
DA:137,0
DA:138,0
DA:139,0
DA:140,0
DA:146,0
DA:147,0
DA:156,0
DA:158,0
DA:159,0
DA:167,0
DA:170,0
DA:180,0
DA:221,0
DA:222,0
DA:225,0
DA:226,0
DA:227,0
DA:228,0
DA:229,0
LF:65
LH:21
end_of_record
SF:lib\src\modules\home_flow\home\view_widgets\homepage_appbar_widgets\homepage_appbar_avatar.dart
DA:4,6
DA:6,0
DA:8,0
DA:10,0
DA:12,0
DA:13,0
LF:6
LH:1
end_of_record
SF:lib\src\modules\home_flow\home\view_widgets\homepage_appbar_widgets\homepage_appbar_settings_button.dart
DA:4,6
DA:6,0
DA:8,0
DA:10,0
DA:11,0
DA:12,0
LF:6
LH:1
end_of_record
SF:lib\src\modules\home_flow\home\view_widgets\homepage_appbar_widgets\homepage_appbar_title.dart
DA:8,6
DA:12,0
DA:13,0
DA:21,0
DA:23,0
DA:25,0
DA:27,0
DA:28,0
DA:30,0
DA:32,0
DA:33,0
DA:35,0
DA:36,0
DA:37,0
LF:14
LH:1
end_of_record
SF:lib\src\modules\home_flow\home\view_widgets\homepage_body_widgets\homepage_body_inkwell.dart
DA:10,6
DA:16,0
DA:18,0
DA:19,0
DA:20,0
DA:22,0
DA:23,0
DA:24,0
DA:25,0
DA:26,0
DA:28,0
DA:31,0
DA:32,0
DA:33,0
DA:39,0
DA:41,0
DA:42,0
LF:17
LH:1
end_of_record
SF:lib\src\shared\utils\formatters.dart
DA:6,0
DA:7,0
DA:8,0
DA:11,0
DA:12,0
LF:5
LH:0
end_of_record
SF:lib\src\modules\home_flow\home\home_repository_impl.dart
DA:15,1
DA:17,0
DA:19,0
DA:21,0
DA:22,0
DA:23,0
DA:24,0
DA:25,0
DA:26,0
DA:34,0
DA:37,0
DA:38,0
DA:39,0
DA:41,0
DA:48,0
DA:53,0
DA:54,0
DA:55,0
DA:56,0
DA:59,0
DA:60,0
DA:63,0
DA:65,0
DA:66,0
DA:67,0
DA:68,0
DA:69,0
DA:70,0
DA:73,0
DA:78,0
DA:79,0
DA:80,0
DA:81,0
DA:84,0
DA:85,0
DA:86,0
DA:87,0
DA:88,0
DA:92,0
DA:95,0
DA:96,0
DA:97,0
DA:98,0
DA:99,0
DA:102,0
DA:103,0
DA:106,0
DA:107,0
DA:109,0
LF:49
LH:1
end_of_record
SF:lib\src\modules\home_flow\home\view_widgets\homepage_appbar_widgets\choose_month_dialog.dart
DA:12,0
DA:16,0
DA:18,0
DA:20,0
DA:21,0
DA:24,0
DA:25,0
DA:26,0
DA:27,0
DA:28,0
DA:29,0
DA:30,0
DA:32,0
DA:34,0
DA:35,0
DA:37,0
LF:16
LH:0
end_of_record
SF:lib\src\modules\home_flow\home\view_widgets\homepage_appbar_widgets\month_button.dart
DA:12,6
DA:16,0
DA:17,0
DA:26,0
DA:28,0
DA:29,0
DA:30,0
DA:31,0
DA:32,0
DA:33,0
DA:34,0
DA:38,0
DA:40,0
DA:43,0
DA:44,0
DA:45,0
DA:46,0
DA:49,0
DA:50,0
DA:51,0
DA:52,0
DA:53,0
DA:63,0
DA:64,0
DA:65,0
DA:66,0
LF:26
LH:1
end_of_record
SF:lib\src\modules\home_flow\home\view_widgets\homepage_appbar_widgets\month_container.dart
DA:10,0
DA:15,0
DA:17,0
DA:19,0
DA:20,0
LF:5
LH:0
end_of_record
SF:lib\src\modules\home_flow\investments\investments_page.dart
DA:13,6
DA:15,0
DA:16,0
DA:23,0
DA:25,0
DA:26,0
DA:29,0
DA:31,0
DA:32,0
DA:33,0
DA:34,0
DA:35,0
DA:36,0
DA:37,0
DA:38,0
DA:41,0
DA:42,0
DA:45,0
DA:46,0
DA:47,0
DA:48,0
DA:49,0
DA:53,0
DA:54,0
DA:55,0
DA:60,0
DA:61,0
DA:62,0
DA:79,0
DA:80,0
DA:83,0
DA:84,0
DA:85,0
DA:86,0
DA:87,0
DA:89,0
DA:90,0
DA:91,0
DA:96,0
DA:97,0
DA:98,0
DA:102,0
DA:103,0
DA:106,0
DA:107,0
DA:109,0
DA:110,0
DA:111,0
DA:112,0
DA:114,0
DA:116,0
DA:118,0
DA:120,0
DA:121,0
DA:122,0
DA:125,0
DA:137,0
DA:138,0
DA:139,0
DA:140,0
DA:141,0
DA:144,0
LF:62
LH:1
end_of_record
SF:lib\src\modules\home_flow\investments\investments_repository.dart
DA:9,0
LF:1
LH:0
end_of_record
SF:lib\src\modules\home_flow\investments\investments_repository_impl.dart
DA:15,0
DA:17,0
DA:19,0
DA:21,0
DA:22,0
DA:23,0
DA:24,0
DA:25,0
DA:26,0
DA:30,0
DA:34,0
DA:35,0
DA:36,0
DA:38,0
DA:41,0
DA:42,0
DA:43,0
DA:44,0
DA:45,0
DA:48,0
LF:20
LH:0
end_of_record
SF:lib\src\modules\home_flow\plannings\plannings_page.dart
DA:13,6
DA:15,0
DA:16,0
DA:23,0
DA:25,0
DA:26,0
DA:29,0
DA:31,0
DA:32,0
DA:33,0
DA:34,0
DA:35,0
DA:36,0
DA:37,0
DA:38,0
DA:41,0
DA:42,0
DA:43,0
DA:44,0
DA:45,0
DA:46,0
DA:50,0
DA:51,0
DA:52,0
DA:57,0
DA:58,0
DA:59,0
DA:75,0
DA:76,0
DA:79,0
DA:80,0
DA:81,0
DA:84,0
DA:85,0
DA:87,0
DA:88,0
DA:89,0
DA:94,0
DA:95,0
DA:96,0
DA:100,0
DA:101,0
DA:104,0
DA:105,0
DA:107,0
DA:108,0
DA:109,0
DA:110,0
DA:112,0
DA:114,0
DA:116,0
DA:129,0
DA:130,0
DA:131,0
DA:132,0
DA:133,0
DA:136,0
LF:57
LH:1
end_of_record
SF:lib\src\modules\home_flow\plannings\plannings_repository.dart
DA:9,0
LF:1
LH:0
end_of_record
SF:lib\src\modules\home_flow\plannings\plannings_repository_impl.dart
DA:16,0
DA:18,0
DA:20,0
DA:22,0
DA:23,0
DA:24,0
DA:25,0
DA:26,0
DA:27,0
DA:31,0
DA:34,0
DA:35,0
DA:36,0
DA:38,0
DA:41,0
DA:42,0
DA:43,0
DA:44,0
DA:45,0
DA:48,0
LF:20
LH:0
end_of_record
SF:lib\src\modules\home_flow\transactions\transactions_page.dart
DA:18,6
DA:20,0
DA:21,0
DA:32,0
DA:33,0
DA:34,0
DA:36,0
DA:38,0
DA:39,0
DA:42,0
DA:44,0
DA:45,0
DA:48,0
DA:50,0
DA:51,0
DA:52,0
DA:53,0
DA:54,0
DA:55,0
DA:56,0
DA:57,0
DA:60,0
DA:61,0
DA:62,0
DA:63,0
DA:64,0
DA:65,0
DA:69,0
DA:70,0
DA:71,0
DA:76,0
DA:78,0
DA:79,0
DA:80,0
DA:81,0
DA:84,0
DA:86,0
DA:87,0
DA:88,0
DA:89,0
DA:91,0
DA:98,0
DA:103,0
DA:104,0
DA:105,0
DA:120,0
DA:121,0
DA:122,0
DA:123,0
DA:126,0
DA:127,0
DA:129,0
DA:130,0
DA:131,0
DA:136,0
DA:137,0
DA:138,0
DA:142,0
DA:143,0
DA:146,0
DA:147,0
DA:149,0
DA:150,0
DA:152,0
DA:153,0
DA:154,0
DA:155,0
DA:158,0
DA:160,0
DA:161,0
DA:162,0
DA:163,0
DA:165,0
DA:172,0
DA:175,0
DA:176,0
DA:177,0
DA:178,0
DA:181,0
DA:184,0
DA:186,0
DA:188,0
DA:196,0
DA:197,0
DA:198,0
DA:199,0
DA:202,0
DA:205,0
DA:207,0
DA:209,0
DA:222,0
DA:223,0
DA:226,0
DA:227,0
DA:228,0
DA:229,0
DA:230,0
DA:233,0
LF:98
LH:1
end_of_record
SF:lib\src\modules\home_flow\transactions\transactions_repository.dart
DA:9,0
LF:1
LH:0
end_of_record
SF:lib\src\modules\home_flow\transactions\transactions_repository_impl.dart
DA:16,0
DA:18,0
DA:20,0
DA:22,0
DA:23,0
DA:24,0
DA:25,0
DA:26,0
DA:27,0
DA:28,0
DA:32,0
DA:37,0
DA:40,0
DA:41,0
DA:42,0
DA:47,0
DA:50,0
DA:51,0
DA:54,0
DA:55,0
DA:56,0
DA:57,0
DA:58,0
DA:61,0
LF:24
LH:0
end_of_record
SF:lib\src\modules\home_flow\wallets\wallets_bloc.dart
DA:16,0
DA:20,0
DA:21,0
DA:22,0
DA:23,0
DA:26,0
DA:30,0
DA:31,0
DA:32,0
DA:34,0
DA:35,0
DA:36,0
DA:39,0
DA:40,0
DA:43,0
DA:44,0
LF:16
LH:0
end_of_record
SF:lib\src\modules\home_flow\wallets\wallets_page.dart
DA:15,7
DA:17,1
DA:18,1
DA:25,0
DA:27,0
DA:28,0
DA:31,0
DA:33,0
DA:34,0
DA:35,0
DA:36,0
DA:37,0
DA:38,0
DA:39,0
DA:40,0
DA:43,0
DA:44,0
DA:45,0
DA:46,0
DA:47,0
DA:48,0
DA:52,0
DA:53,0
DA:54,0
DA:60,0
DA:61,0
DA:62,0
DA:78,0
DA:79,0
DA:80,0
DA:83,0
DA:84,0
DA:86,0
DA:87,0
DA:88,0
DA:93,0
DA:94,0
DA:95,0
DA:99,0
DA:100,0
DA:103,0
DA:104,0
DA:105,0
DA:106,0
DA:107,0
DA:108,0
DA:110,0
DA:123,0
DA:124,0
DA:127,0
DA:128,0
DA:129,0
DA:130,0
DA:131,0
DA:133,0
LF:55
LH:3
end_of_record
SF:lib\src\modules\home_flow\wallets\wallets_repository.dart
DA:8,0
LF:1
LH:0
end_of_record
SF:lib\src\modules\home_flow\wallets\wallets_repository.impl.dart
DA:9,0
DA:11,0
DA:13,0
DA:15,0
DA:16,0
DA:17,0
DA:18,0
DA:19,0
DA:20,0
DA:24,0
DA:28,0
DA:29,0
DA:30,0
DA:32,0
DA:35,0
DA:36,0
DA:37,0
DA:38,0
DA:39,0
DA:42,0
DA:43,0
LF:21
LH:0
end_of_record
SF:lib\src\modules\home_flow\investments\investments_state.dart
DA:14,0
DA:23,0
DA:25,0
DA:26,0
LF:4
LH:0
end_of_record
SF:lib\src\shared\utils\consts.dart
DA:4,0
DA:113,0
LF:2
LH:0
end_of_record
SF:lib\src\modules\home_flow\plannings\plannings_state.dart
DA:15,0
DA:24,0
DA:26,0
DA:27,0
LF:4
LH:0
end_of_record
SF:lib\src\modules\home_flow\transactions\transactions_state.dart
DA:15,0
DA:24,0
DA:26,0
DA:27,0
LF:4
LH:0
end_of_record
SF:lib\src\modules\home_flow\wallets\wallets_state.dart
DA:15,0
DA:24,0
DA:26,0
DA:27,0
LF:4
LH:0
end_of_record
SF:lib\src\modules\login_flow\login\login_bloc.dart
DA:19,0
DA:22,0
DA:23,0
DA:25,0
DA:26,0
DA:27,0
DA:30,0
DA:32,0
DA:34,0
DA:36,0
DA:37,0
DA:38,0
DA:40,0
DA:41,0
DA:42,0
DA:44,0
DA:46,0
DA:47,0
DA:48,0
DA:53,0
DA:54,0
DA:57,0
DA:58,0
DA:59,0
LF:24
LH:0
end_of_record
SF:lib\src\modules\login_flow\login_flow_repository.dart
DA:9,0
LF:1
LH:0
end_of_record
SF:lib\src\modules\login_flow\login\login_event.dart
DA:6,0
DA:8,0
DA:12,0
DA:16,0
DA:19,0
LF:5
LH:0
end_of_record
SF:lib\src\modules\login_flow\login\login_state.dart
DA:16,0
DA:18,0
DA:19,0
LF:3
LH:0
end_of_record
SF:lib\src\shared\models\login_model.dart
DA:9,0
DA:15,0
DA:20,0
DA:21,0
DA:22,0
DA:23,0
DA:27,0
DA:28,0
DA:29,0
DA:30,0
DA:31,0
DA:35,0
DA:36,0
DA:37,0
DA:38,0
DA:39,0
DA:43,0
DA:45,0
DA:46,0
DA:48,0
DA:50,0
DA:52,0
DA:56,0
DA:57,0
DA:58,0
DA:61,0
DA:62,0
LF:27
LH:0
end_of_record
SF:lib\src\shared\utils\mixins\validations_mixin.dart
DA:11,0
DA:12,0
DA:19,0
DA:20,0
DA:21,0
DA:28,0
DA:29,0
DA:30,0
DA:37,0
DA:38,0
DA:40,0
DA:45,0
DA:47,0
DA:50,0
DA:53,0
DA:56,0
DA:58,0
DA:63,0
DA:67,0
DA:69,0
DA:71,0
DA:77,0
DA:78,0
DA:79,0
DA:85,0
DA:86,0
DA:92,0
DA:93,0
DA:96,0
DA:102,0
DA:103,0
DA:106,0
DA:124,0
DA:128,0
DA:132,0
DA:134,0
DA:136,0
DA:137,0
DA:140,0
DA:141,0
DA:142,0
DA:143,0
DA:144,0
DA:145,0
DA:146,0
DA:147,0
LF:46
LH:0
end_of_record
SF:lib\src\modules\login_flow\login\login_page.dart
DA:22,6
DA:24,0
DA:25,0
DA:44,0
DA:46,0
DA:47,0
DA:49,0
DA:52,0
DA:53,0
DA:54,0
DA:57,0
DA:59,0
DA:60,0
DA:62,0
DA:63,0
DA:64,0
DA:65,0
DA:66,0
DA:67,0
DA:68,0
DA:69,0
DA:70,0
DA:71,0
DA:72,0
DA:73,0
DA:75,0
DA:76,0
DA:77,0
DA:78,0
DA:81,0
DA:82,0
DA:85,0
DA:86,0
DA:90,0
DA:91,0
DA:106,0
DA:109,0
DA:110,0
DA:112,0
DA:115,0
DA:117,0
DA:122,0
DA:125,0
DA:128,0
DA:129,0
DA:131,0
DA:132,0
DA:135,0
DA:138,0
DA:139,0
DA:140,0
DA:141,0
DA:143,0
DA:144,0
DA:148,0
DA:151,0
DA:152,0
DA:154,0
DA:155,0
DA:165,0
DA:167,0
DA:168,0
DA:169,0
DA:171,0
DA:174,0
DA:175,0
DA:176,0
DA:177,0
DA:179,0
DA:180,0
DA:182,0
DA:183,0
DA:184,0
DA:191,0
DA:193,0
DA:194,0
DA:201,0
DA:202,0
DA:204,0
DA:205,0
DA:206,0
DA:207,0
DA:208,0
DA:209,0
DA:210,0
DA:211,0
DA:212,0
DA:215,0
DA:216,0
DA:219,0
LF:90
LH:1
end_of_record
SF:lib\src\modules\login_flow\widgets\custom_dialog\custom_dialog_stateless.dart
DA:11,0
DA:18,0
DA:19,0
DA:20,0
DA:21,0
DA:24,0
DA:25,0
DA:26,0
DA:27,0
DA:29,0
DA:41,0
DA:43,0
DA:44,0
DA:45,0
DA:46,0
DA:47,0
DA:49,0
DA:50,0
DA:51,0
DA:52,0
DA:55,0
LF:21
LH:0
end_of_record
SF:lib\src\modules\login_flow\widgets\custom_input_form\custom_elevated_button.dart
DA:7,0
DA:12,0
DA:20,0
DA:22,0
DA:24,0
DA:25,0
DA:26,0
DA:27,0
DA:28,0
DA:29,0
DA:30,0
LF:11
LH:0
end_of_record
SF:lib\src\modules\login_flow\widgets\custom_input_form\input_clear.dart
DA:4,0
DA:8,0
DA:13,0
DA:15,0
DA:16,0
DA:17,0
DA:18,0
DA:19,0
DA:22,0
DA:23,0
LF:10
LH:0
end_of_record
SF:lib\src\modules\login_flow\widgets\custom_input_form\password_custom_text_form_field.dart
DA:8,0
DA:17,0
DA:27,0
DA:29,0
DA:36,0
DA:37,0
DA:38,0
DA:40,0
DA:42,0
DA:44,0
DA:45,0
DA:46,0
DA:47,0
DA:48,0
DA:49,0
DA:50,0
DA:51,0
DA:52,0
DA:53,0
DA:54,0
DA:55,0
DA:56,0
DA:59,0
LF:23
LH:0
end_of_record
SF:lib\src\modules\login_flow\widgets\text_richinfo_create_account.dart
DA:12,0
DA:17,0
DA:23,0
DA:25,0
DA:26,0
DA:27,0
DA:28,0
DA:29,0
DA:30,0
DA:31,0
DA:32,0
DA:40,0
DA:41,0
LF:13
LH:0
end_of_record
SF:lib\src\modules\login_flow\widgets\text_richinfo_forgot_password.dart
DA:13,0
DA:18,0
DA:24,0
DA:26,0
DA:31,0
DA:33,0
DA:34,0
DA:36,0
DA:38,0
DA:39,0
DA:41,0
DA:42,0
DA:45,0
DA:46,0
DA:47,0
DA:49,0
DA:50,0
DA:52,0
DA:55,0
DA:56,0
DA:57,0
DA:58,0
LF:22
LH:0
end_of_record
SF:lib\src\modules\login_flow\reset_password\reset_password_page.dart
DA:20,6
DA:22,0
DA:23,0
DA:42,0
DA:44,0
DA:47,0
DA:49,0
DA:50,0
DA:51,0
DA:52,0
DA:55,0
DA:56,0
DA:57,0
DA:60,0
DA:62,0
DA:63,0
DA:64,0
DA:69,0
DA:71,0
DA:74,0
DA:76,0
DA:77,0
DA:78,0
DA:79,0
DA:80,0
DA:81,0
DA:82,0
DA:83,0
DA:84,0
DA:85,0
DA:86,0
DA:87,0
DA:88,0
DA:89,0
DA:90,0
DA:91,0
DA:92,0
DA:95,0
DA:96,0
DA:101,0
DA:102,0
DA:107,0
DA:108,0
DA:125,0
DA:128,0
DA:129,0
DA:132,0
DA:135,0
DA:138,0
DA:143,0
DA:148,0
DA:149,0
DA:150,0
DA:151,0
DA:153,0
DA:154,0
DA:155,0
DA:159,0
DA:164,0
DA:165,0
DA:167,0
DA:168,0
DA:170,0
DA:172,0
DA:173,0
DA:183,0
DA:184,0
DA:185,0
DA:186,0
DA:188,0
DA:191,0
DA:192,0
DA:193,0
DA:194,0
DA:196,0
DA:197,0
DA:198,0
DA:200,0
DA:201,0
DA:202,0
DA:203,0
DA:206,0
DA:207,0
DA:209,0
DA:212,0
DA:213,0
DA:224,0
DA:225,0
DA:228,0
DA:229,0
DA:230,0
DA:231,0
DA:233,0
DA:234,0
DA:235,0
DA:236,0
DA:237,0
DA:240,0
DA:241,0
LF:99
LH:1
end_of_record
SF:lib\src\modules\login_flow\sign_up\sign_up_bloc.dart
DA:15,0
DA:16,0
DA:17,0
DA:18,0
DA:21,0
DA:22,0
DA:24,0
DA:27,0
DA:28,0
DA:30,0
DA:31,0
DA:32,0
DA:34,0
DA:35,0
DA:36,0
DA:38,0
DA:39,0
DA:40,0
DA:41,0
DA:44,0
DA:46,0
DA:47,0
DA:51,0
DA:52,0
LF:24
LH:0
end_of_record
SF:lib\src\modules\login_flow\sign_up\sign_up_page.dart
DA:24,6
DA:26,0
DA:27,0
DA:47,0
DA:49,0
DA:52,0
DA:54,0
DA:55,0
DA:56,0
DA:58,0
DA:61,0
DA:62,0
DA:63,0
DA:64,0
DA:65,0
DA:68,0
DA:70,0
DA:71,0
DA:73,0
DA:74,0
DA:75,0
DA:76,0
DA:77,0
DA:78,0
DA:79,0
DA:80,0
DA:81,0
DA:82,0
DA:83,0
DA:84,0
DA:85,0
DA:86,0
DA:87,0
DA:88,0
DA:91,0
DA:92,0
DA:95,0
DA:96,0
DA:101,0
DA:102,0
DA:117,0
DA:120,0
DA:121,0
DA:123,0
DA:126,0
DA:128,0
DA:133,0
DA:136,0
DA:139,0
DA:140,0
DA:141,0
DA:143,0
DA:144,0
DA:147,0
DA:148,0
DA:151,0
DA:154,0
DA:155,0
DA:157,0
DA:158,0
DA:161,0
DA:165,0
DA:166,0
DA:167,0
DA:168,0
DA:170,0
DA:171,0
DA:172,0
DA:176,0
DA:181,0
DA:182,0
DA:184,0
DA:185,0
DA:187,0
DA:189,0
DA:190,0
DA:200,0
DA:201,0
DA:202,0
DA:203,0
DA:205,0
DA:208,0
DA:209,0
DA:210,0
DA:211,0
DA:212,0
DA:213,0
DA:214,0
DA:216,0
DA:217,0
DA:218,0
DA:220,0
DA:227,0
DA:228,0
DA:229,0
DA:230,0
DA:232,0
DA:233,0
DA:236,0
DA:237,0
DA:238,0
DA:240,0
DA:241,0
DA:248,0
DA:249,0
DA:251,0
DA:252,0
DA:253,0
DA:254,0
DA:255,0
DA:256,0
DA:257,0
DA:258,0
DA:259,0
DA:260,0
DA:261,0
DA:262,0
DA:263,0
DA:265,0
DA:267,0
DA:268,0
DA:271,0
LF:122
LH:1
end_of_record
SF:lib\src\modules\login_flow\login_flow_repository_impl.dart
DA:16,0
DA:17,0
DA:21,0
DA:23,0
DA:25,0
DA:27,0
DA:28,0
DA:31,0
DA:32,0
DA:36,0
DA:39,0
DA:41,0
DA:42,0
DA:44,0
DA:46,0
DA:47,0
DA:50,0
DA:52,0
DA:53,0
DA:54,0
DA:56,0
DA:57,0
DA:58,0
DA:61,0
DA:63,0
DA:65,0
DA:66,0
DA:69,0
DA:70,0
DA:73,0
DA:76,0
DA:78,0
DA:79,0
DA:80,0
LF:34
LH:0
end_of_record
SF:lib\src\modules\login_flow\reset_password\reset_password_bloc.dart
DA:14,0
DA:15,0
DA:17,0
DA:20,0
DA:21,0
DA:24,0
DA:27,0
DA:28,0
DA:29,0
DA:30,0
DA:32,0
DA:33,0
LF:12
LH:0
end_of_record
SF:lib\src\modules\login_flow\reset_password\reset_password_event.dart
DA:6,0
DA:12,0
LF:2
LH:0
end_of_record
SF:lib\src\modules\login_flow\reset_password\reset_password_state.dart
DA:4,0
DA:10,0
DA:11,0
DA:12,0
DA:13,0
DA:14,0
DA:15,0
DA:16,0
DA:17,0
DA:18,0
DA:20,0
DA:34,0
DA:36,0
DA:37,0
LF:14
LH:0
end_of_record
SF:lib\src\modules\login_flow\widgets\custom_input_form\confirm_password_custom_text_form_field.dart
DA:9,0
DA:19,0
DA:30,0
DA:32,0
DA:39,0
DA:40,0
DA:41,0
DA:42,0
DA:44,0
DA:46,0
DA:47,0
DA:48,0
DA:49,0
DA:50,0
DA:51,0
DA:52,0
DA:53,0
DA:54,0
DA:55,0
DA:56,0
DA:57,0
DA:58,0
DA:59,0
DA:62,0
LF:24
LH:0
end_of_record
SF:lib\src\modules\login_flow\sign_up\sign_up_event.dart
DA:6,0
DA:10,0
DA:11,0
DA:15,0
DA:19,0
LF:5
LH:0
end_of_record
SF:lib\src\modules\login_flow\sign_up\sign_up_state.dart
DA:15,0
DA:17,0
DA:18,0
LF:3
LH:0
end_of_record
SF:lib\src\modules\login_flow\widgets\custom_input_form\text_rich_info.dart
DA:4,0
DA:10,0
DA:17,0
DA:19,0
DA:20,0
DA:21,0
DA:22,0
DA:24,0
DA:25,0
DA:26,0
DA:27,0
LF:11
LH:0
end_of_record
SF:lib\src\modules\login_flow\widgets\custom_dialog\custom_dialog.dart
DA:20,0
DA:30,0
DA:32,0
DA:33,0
DA:34,0
DA:38,0
DA:42,0
DA:44,0
DA:45,0
DA:46,0
DA:48,0
DA:56,0
DA:59,0
DA:68,0
DA:70,0
DA:71,0
DA:72,0
DA:79,0
DA:80,0
DA:87,0
DA:88,0
DA:89,0
DA:90,0
DA:91,0
DA:93,0
DA:95,0
DA:96,0
DA:97,0
DA:98,0
DA:99,0
DA:100,0
DA:102,0
DA:103,0
LF:33
LH:0
end_of_record
SF:lib\src\modules\login_flow\widgets\custom_show_alert_dialog.dart
DA:13,6
DA:15,0
DA:16,0
DA:23,0
DA:26,0
DA:28,0
DA:29,0
DA:31,0
DA:32,0
DA:33,0
DA:36,0
DA:39,0
DA:42,0
DA:46,0
DA:47,0
DA:49,0
DA:50,0
DA:51,0
DA:53,0
DA:54,0
DA:55,0
DA:56,0
DA:59,0
DA:62,0
LF:24
LH:1
end_of_record
SF:lib\src\shared\widgets\show_loader\dot.dart
DA:13,0
DA:19,0
DA:21,0
DA:23,0
DA:24,0
DA:25,0
DA:26,0
DA:27,0
DA:28,0
DA:30,0
DA:31,0
DA:32,0
DA:33,0
DA:34,0
DA:35,0
DA:36,0
DA:37,0
LF:17
LH:0
end_of_record
SF:lib\src\shared\widgets\show_loader\opacity_custom.dart
DA:7,0
DA:12,0
DA:17,0
DA:19,0
DA:20,0
DA:21,0
DA:22,0
DA:24,0
DA:25,0
DA:27,0
DA:29,0
DA:30,0
DA:31,0
LF:13
LH:0
end_of_record
SF:lib\src\app_widget.dart
DA:7,1
DA:9,1
DA:11,1
DA:14,1
DA:15,2
DA:16,2
LF:6
LH:6
end_of_record
SF:lib\src\shared\utils\custom_theme_data.dart
DA:6,3
DA:9,1
DA:38,1
DA:40,1
LF:4
LH:4
end_of_record
